
[2023-10-04 14:26:24.027] Add annand
[2023-10-04 14:26:24.104] Add oscols
[2023-10-04 14:26:24.159] Add linlin
[2023-10-04 14:26:24.223] Add dandav
[2023-10-04 14:26:24.275] Add emmeri
[2023-10-04 14:26:24.331] Add johjoh
[2023-10-04 14:26:24.392] Add sarsva
[2023-10-04 14:26:24.450] Add karkar
[2023-10-04 14:26:24.518] Add eriek
[2023-10-04 14:26:24.583] Add sofsun
[2023-10-04 14:26:24.645] Add felfra
[2023-10-04 14:26:24.717] Add gabgus
[2023-10-04 14:26:24.775] Add hanhan
[2023-10-04 14:26:24.841] Add isaisa
[2023-10-04 14:26:24.902] Add juljon
[2023-10-04 14:26:24.971] Add kevkje
[2023-10-04 14:26:25.036] Add laulun
[2023-10-04 14:26:25.106] Add mikmag
[2023-10-04 14:26:25.167] Add ninnil
[2023-10-04 14:26:25.228] Add oliohl
[2023-10-04 14:26:25.295] Add petpet
[2023-10-04 14:26:25.360] Add quiqvi
[2023-10-04 14:26:25.422] Add rebron
[2023-10-04 14:26:25.483] Add simsim
[2023-10-04 14:26:25.537] Add tintun
[2023-10-04 14:26:25.601] Add ulrulr
[2023-10-04 14:26:25.655] Add vicvik
[2023-10-04 14:26:25.716] Add wanwal
[2023-10-04 14:26:25.771] Add xanxav
[2023-10-04 14:26:25.833] Add yasyou
[2023-10-04 14:26:25.867] Add zaczac
[2023-10-04 14:26:25.930] Add alialb
[2023-10-04 14:26:25.990] Add bobber
[2023-10-04 14:26:26.066] Add carcar
[2023-10-04 14:26:26.119] Add davdan
[2023-10-04 14:26:26.183] Add elleli
[2023-10-04 14:26:26.259] Add frafra
[2023-10-04 14:26:26.322] Add gregun
